Traceback (most recent call last):
  File "/opt/hostedtoolcache/Python/3.8.13/x64/lib/python3.8/site-packages/jupyter_cache/executors/utils.py", line 51, in single_nb_execution
    executenb(
  File "/opt/hostedtoolcache/Python/3.8.13/x64/lib/python3.8/site-packages/nbclient/client.py", line 1204, in execute
    return NotebookClient(nb=nb, resources=resources, km=km, **kwargs).execute()
  File "/opt/hostedtoolcache/Python/3.8.13/x64/lib/python3.8/site-packages/nbclient/util.py", line 84, in wrapped
    return just_run(coro(*args, **kwargs))
  File "/opt/hostedtoolcache/Python/3.8.13/x64/lib/python3.8/site-packages/nbclient/util.py", line 62, in just_run
    return loop.run_until_complete(coro)
  File "/opt/hostedtoolcache/Python/3.8.13/x64/lib/python3.8/asyncio/base_events.py", line 616, in run_until_complete
    return future.result()
  File "/opt/hostedtoolcache/Python/3.8.13/x64/lib/python3.8/site-packages/nbclient/client.py", line 663, in async_execute
    await self.async_execute_cell(
  File "/opt/hostedtoolcache/Python/3.8.13/x64/lib/python3.8/site-packages/nbclient/client.py", line 965, in async_execute_cell
    await self._check_raise_for_error(cell, cell_index, exec_reply)
  File "/opt/hostedtoolcache/Python/3.8.13/x64/lib/python3.8/site-packages/nbclient/client.py", line 862, in _check_raise_for_error
    raise CellExecutionError.from_cell_and_msg(cell, exec_reply_content)
nbclient.exceptions.CellExecutionError: An error occurred while executing the following cell:
------------------
from mizani.formatters import comma_format
import pandas as pd
import plotnine as p

%pylab inline
# %config InlineBackend.figure_formats = ['retina']

from datetime import datetime
------------------

[0;31m---------------------------------------------------------------------------[0m
[0;31mModuleNotFoundError[0m                       Traceback (most recent call last)
Cell [0;32mIn [1], line 3[0m
[1;32m      1[0m [38;5;28;01mfrom[39;00m [38;5;21;01mmizani[39;00m[38;5;21;01m.[39;00m[38;5;21;01mformatters[39;00m [38;5;28;01mimport[39;00m comma_format
[1;32m      2[0m [38;5;28;01mimport[39;00m [38;5;21;01mpandas[39;00m [38;5;28;01mas[39;00m [38;5;21;01mpd[39;00m
[0;32m----> 3[0m [38;5;28;01mimport[39;00m [38;5;21;01mplotnine[39;00m [38;5;28;01mas[39;00m [38;5;21;01mp[39;00m
[1;32m      5[0m get_ipython()[38;5;241m.[39mrun_line_magic([38;5;124m'[39m[38;5;124mpylab[39m[38;5;124m'[39m, [38;5;124m'[39m[38;5;124minline[39m[38;5;124m'[39m)
[1;32m      6[0m [38;5;66;03m# %config InlineBackend.figure_formats = ['retina'][39;00m

File [0;32m/opt/hostedtoolcache/Python/3.8.13/x64/lib/python3.8/site-packages/plotnine/__init__.py:1[0m
[0;32m----> 1[0m [38;5;28;01mfrom[39;00m [38;5;21;01m.[39;00m[38;5;21;01mqplot[39;00m [38;5;28;01mimport[39;00m qplot            [38;5;66;03m# noqa: F401[39;00m
[1;32m      2[0m [38;5;28;01mfrom[39;00m [38;5;21;01m.[39;00m[38;5;21;01mggplot[39;00m [38;5;28;01mimport[39;00m ggplot, ggsave  [38;5;66;03m# noqa: F401[39;00m
[1;32m      3[0m [38;5;28;01mfrom[39;00m [38;5;21;01m.[39;00m[38;5;21;01mggplot[39;00m [38;5;28;01mimport[39;00m save_as_pdf_pages  [38;5;66;03m# noqa: F401[39;00m

File [0;32m/opt/hostedtoolcache/Python/3.8.13/x64/lib/python3.8/site-packages/plotnine/qplot.py:9[0m
[1;32m      6[0m [38;5;28;01mimport[39;00m [38;5;21;01mnumpy[39;00m [38;5;28;01mas[39;00m [38;5;21;01mnp[39;00m
[1;32m      7[0m [38;5;28;01mfrom[39;00m [38;5;21;01mpatsy[39;00m[38;5;21;01m.[39;00m[38;5;21;01meval[39;00m [38;5;28;01mimport[39;00m EvalEnvironment
[0;32m----> 9[0m [38;5;28;01mfrom[39;00m [38;5;21;01m.[39;00m[38;5;21;01mggplot[39;00m [38;5;28;01mimport[39;00m ggplot
[1;32m     10[0m [38;5;28;01mfrom[39;00m [38;5;21;01m.[39;00m[38;5;21;01mmapping[39;00m[38;5;21;01m.[39;00m[38;5;21;01maes[39;00m [38;5;28;01mimport[39;00m aes, ALL_AESTHETICS, SCALED_AESTHETICS
[1;32m     11[0m [38;5;28;01mfrom[39;00m [38;5;21;01m.[39;00m[38;5;21;01mlabels[39;00m [38;5;28;01mimport[39;00m labs

File [0;32m/opt/hostedtoolcache/Python/3.8.13/x64/lib/python3.8/site-packages/plotnine/ggplot.py:18[0m
[1;32m     16[0m [38;5;28;01mfrom[39;00m [38;5;21;01m.[39;00m[38;5;21;01mmapping[39;00m[38;5;21;01m.[39;00m[38;5;21;01maes[39;00m [38;5;28;01mimport[39;00m aes, make_labels
[1;32m     17[0m [38;5;28;01mfrom[39;00m [38;5;21;01m.[39;00m[38;5;21;01mlayer[39;00m [38;5;28;01mimport[39;00m Layers
[0;32m---> 18[0m [38;5;28;01mfrom[39;00m [38;5;21;01m.[39;00m[38;5;21;01mfacets[39;00m [38;5;28;01mimport[39;00m facet_null
[1;32m     19[0m [38;5;28;01mfrom[39;00m [38;5;21;01m.[39;00m[38;5;21;01mfacets[39;00m[38;5;21;01m.[39;00m[38;5;21;01mlayout[39;00m [38;5;28;01mimport[39;00m Layout
[1;32m     20[0m [38;5;28;01mfrom[39;00m [38;5;21;01m.[39;00m[38;5;21;01moptions[39;00m [38;5;28;01mimport[39;00m get_option, SUBPLOTS_ADJUST

File [0;32m/opt/hostedtoolcache/Python/3.8.13/x64/lib/python3.8/site-packages/plotnine/facets/__init__.py:1[0m
[0;32m----> 1[0m [38;5;28;01mfrom[39;00m [38;5;21;01m.[39;00m[38;5;21;01mfacet_grid[39;00m [38;5;28;01mimport[39;00m facet_grid
[1;32m      2[0m [38;5;28;01mfrom[39;00m [38;5;21;01m.[39;00m[38;5;21;01mfacet_null[39;00m [38;5;28;01mimport[39;00m facet_null
[1;32m      3[0m [38;5;28;01mfrom[39;00m [38;5;21;01m.[39;00m[38;5;21;01mfacet_wrap[39;00m [38;5;28;01mimport[39;00m facet_wrap

File [0;32m/opt/hostedtoolcache/Python/3.8.13/x64/lib/python3.8/site-packages/plotnine/facets/facet_grid.py:6[0m
[1;32m      4[0m [38;5;28;01mfrom[39;00m [38;5;21;01m.[39;00m[38;5;21;01m.[39;00m[38;5;21;01mutils[39;00m [38;5;28;01mimport[39;00m match, join_keys
[1;32m      5[0m [38;5;28;01mfrom[39;00m [38;5;21;01m.[39;00m[38;5;21;01m.[39;00m[38;5;21;01mexceptions[39;00m [38;5;28;01mimport[39;00m PlotnineError
[0;32m----> 6[0m [38;5;28;01mfrom[39;00m [38;5;21;01m.[39;00m[38;5;21;01mfacet[39;00m [38;5;28;01mimport[39;00m facet, layout_null, combine_vars, add_missing_facets
[1;32m      7[0m [38;5;28;01mfrom[39;00m [38;5;21;01m.[39;00m[38;5;21;01mfacet[39;00m [38;5;28;01mimport[39;00m eval_facet_vars
[1;32m      8[0m [38;5;28;01mfrom[39;00m [38;5;21;01m.[39;00m[38;5;21;01mstrips[39;00m [38;5;28;01mimport[39;00m strip

File [0;32m/opt/hostedtoolcache/Python/3.8.13/x64/lib/python3.8/site-packages/plotnine/facets/facet.py:14[0m
[1;32m     12[0m [38;5;28;01mfrom[39;00m [38;5;21;01m.[39;00m[38;5;21;01m.[39;00m[38;5;21;01mutils[39;00m [38;5;28;01mimport[39;00m cross_join, match
[1;32m     13[0m [38;5;28;01mfrom[39;00m [38;5;21;01m.[39;00m[38;5;21;01m.[39;00m[38;5;21;01mexceptions[39;00m [38;5;28;01mimport[39;00m PlotnineError, PlotnineWarning
[0;32m---> 14[0m [38;5;28;01mfrom[39;00m [38;5;21;01m.[39;00m[38;5;21;01m.[39;00m[38;5;21;01mscales[39;00m[38;5;21;01m.[39;00m[38;5;21;01mscales[39;00m [38;5;28;01mimport[39;00m Scales
[1;32m     16[0m [38;5;66;03m# For default matplotlib backend[39;00m
[1;32m     17[0m [38;5;28;01mwith[39;00m suppress([38;5;167;01mImportError[39;00m):

File [0;32m/opt/hostedtoolcache/Python/3.8.13/x64/lib/python3.8/site-packages/plotnine/scales/__init__.py:83[0m
[1;32m     81[0m [38;5;28;01mfrom[39;00m [38;5;21;01m.[39;00m[38;5;21;01mscale_xy[39;00m [38;5;28;01mimport[39;00m scale_y_timedelta
[1;32m     82[0m [38;5;66;03m# limits[39;00m
[0;32m---> 83[0m [38;5;28;01mfrom[39;00m [38;5;21;01m.[39;00m[38;5;21;01mlimits[39;00m [38;5;28;01mimport[39;00m xlim, ylim, lims, expand_limits
[1;32m     86[0m __all__ [38;5;241m=[39m [
[1;32m     87[0m            [38;5;66;03m# color[39;00m
[1;32m     88[0m            [38;5;124m'[39m[38;5;124mscale_color_brewer[39m[38;5;124m'[39m, [38;5;124m'[39m[38;5;124mscale_colour_brewer[39m[38;5;124m'[39m,
[0;32m   (...)[0m
[1;32m    151[0m            [38;5;124m'[39m[38;5;124mxlim[39m[38;5;124m'[39m, [38;5;124m'[39m[38;5;124mylim[39m[38;5;124m'[39m, [38;5;124m'[39m[38;5;124mlims[39m[38;5;124m'[39m, [38;5;124m'[39m[38;5;124mexpand_limits[39m[38;5;124m'[39m
[1;32m    152[0m            ]

File [0;32m/opt/hostedtoolcache/Python/3.8.13/x64/lib/python3.8/site-packages/plotnine/scales/limits.py:8[0m
[1;32m      5[0m [38;5;28;01mimport[39;00m [38;5;21;01mpandas[39;00m [38;5;28;01mas[39;00m [38;5;21;01mpd[39;00m
[1;32m      7[0m [38;5;28;01mfrom[39;00m [38;5;21;01m.[39;00m[38;5;21;01m.[39;00m[38;5;21;01mmapping[39;00m[38;5;21;01m.[39;00m[38;5;21;01maes[39;00m [38;5;28;01mimport[39;00m aes, ALL_AESTHETICS
[0;32m----> 8[0m [38;5;28;01mfrom[39;00m [38;5;21;01m.[39;00m[38;5;21;01m.[39;00m[38;5;21;01mgeoms[39;00m [38;5;28;01mimport[39;00m geom_blank
[1;32m      9[0m [38;5;28;01mfrom[39;00m [38;5;21;01m.[39;00m[38;5;21;01m.[39;00m[38;5;21;01mscales[39;00m[38;5;21;01m.[39;00m[38;5;21;01mscales[39;00m [38;5;28;01mimport[39;00m make_scale
[1;32m     10[0m [38;5;28;01mfrom[39;00m [38;5;21;01m.[39;00m[38;5;21;01m.[39;00m[38;5;21;01mexceptions[39;00m [38;5;28;01mimport[39;00m PlotnineError

File [0;32m/opt/hostedtoolcache/Python/3.8.13/x64/lib/python3.8/site-packages/plotnine/geoms/__init__.py:6[0m
[1;32m      1[0m [38;5;124;03m"""[39;00m
[1;32m      2[0m [38;5;124;03mPlotting objects[39;00m
[1;32m      3[0m [38;5;124;03m"""[39;00m
[1;32m      5[0m [38;5;66;03m# geoms[39;00m
[0;32m----> 6[0m [38;5;28;01mfrom[39;00m [38;5;21;01m.[39;00m[38;5;21;01mgeom_abline[39;00m [38;5;28;01mimport[39;00m geom_abline
[1;32m      7[0m [38;5;28;01mfrom[39;00m [38;5;21;01m.[39;00m[38;5;21;01mgeom_area[39;00m [38;5;28;01mimport[39;00m geom_area
[1;32m      8[0m [38;5;28;01mfrom[39;00m [38;5;21;01m.[39;00m[38;5;21;01mgeom_bar[39;00m [38;5;28;01mimport[39;00m geom_bar

File [0;32m/opt/hostedtoolcache/Python/3.8.13/x64/lib/python3.8/site-packages/plotnine/geoms/geom_abline.py:9[0m
[1;32m      7[0m [38;5;28;01mfrom[39;00m [38;5;21;01m.[39;00m[38;5;21;01m.[39;00m[38;5;21;01mutils[39;00m [38;5;28;01mimport[39;00m make_iterable, order_as_data_mapping
[1;32m      8[0m [38;5;28;01mfrom[39;00m [38;5;21;01m.[39;00m[38;5;21;01m.[39;00m[38;5;21;01mdoctools[39;00m [38;5;28;01mimport[39;00m document
[0;32m----> 9[0m [38;5;28;01mfrom[39;00m [38;5;21;01m.[39;00m[38;5;21;01mgeom[39;00m [38;5;28;01mimport[39;00m geom
[1;32m     10[0m [38;5;28;01mfrom[39;00m [38;5;21;01m.[39;00m[38;5;21;01mgeom_segment[39;00m [38;5;28;01mimport[39;00m geom_segment
[1;32m     13[0m [38;5;129m@document[39m
[1;32m     14[0m [38;5;28;01mclass[39;00m [38;5;21;01mgeom_abline[39;00m(geom):

File [0;32m/opt/hostedtoolcache/Python/3.8.13/x64/lib/python3.8/site-packages/plotnine/geoms/geom.py:3[0m
[1;32m      1[0m [38;5;28;01mfrom[39;00m [38;5;21;01mcopy[39;00m [38;5;28;01mimport[39;00m deepcopy
[0;32m----> 3[0m [38;5;28;01mfrom[39;00m [38;5;21;01m.[39;00m[38;5;21;01m.[39;00m[38;5;21;01mstats[39;00m[38;5;21;01m.[39;00m[38;5;21;01mstat[39;00m [38;5;28;01mimport[39;00m stat
[1;32m      4[0m [38;5;28;01mfrom[39;00m [38;5;21;01m.[39;00m[38;5;21;01m.[39;00m[38;5;21;01mmapping[39;00m[38;5;21;01m.[39;00m[38;5;21;01maes[39;00m [38;5;28;01mimport[39;00m rename_aesthetics, is_valid_aesthetic
[1;32m      5[0m [38;5;28;01mfrom[39;00m [38;5;21;01m.[39;00m[38;5;21;01m.[39;00m[38;5;21;01mmapping[39;00m[38;5;21;01m.[39;00m[38;5;21;01mevaluation[39;00m [38;5;28;01mimport[39;00m evaluate

File [0;32m/opt/hostedtoolcache/Python/3.8.13/x64/lib/python3.8/site-packages/plotnine/stats/__init__.py:7[0m
[1;32m      5[0m [38;5;28;01mfrom[39;00m [38;5;21;01m.[39;00m[38;5;21;01mstat_boxplot[39;00m [38;5;28;01mimport[39;00m stat_boxplot
[1;32m      6[0m [38;5;28;01mfrom[39;00m [38;5;21;01m.[39;00m[38;5;21;01mstat_density[39;00m [38;5;28;01mimport[39;00m stat_density
[0;32m----> 7[0m [38;5;28;01mfrom[39;00m [38;5;21;01m.[39;00m[38;5;21;01mstat_density_2d[39;00m [38;5;28;01mimport[39;00m stat_density_2d
[1;32m      8[0m [38;5;28;01mfrom[39;00m [38;5;21;01m.[39;00m[38;5;21;01mstat_ecdf[39;00m [38;5;28;01mimport[39;00m stat_ecdf
[1;32m      9[0m [38;5;28;01mfrom[39;00m [38;5;21;01m.[39;00m[38;5;21;01mstat_ellipse[39;00m [38;5;28;01mimport[39;00m stat_ellipse

File [0;32m/opt/hostedtoolcache/Python/3.8.13/x64/lib/python3.8/site-packages/plotnine/stats/stat_density_2d.py:3[0m
[1;32m      1[0m [38;5;28;01mimport[39;00m [38;5;21;01mnumpy[39;00m [38;5;28;01mas[39;00m [38;5;21;01mnp[39;00m
[1;32m      2[0m [38;5;28;01mimport[39;00m [38;5;21;01mpandas[39;00m [38;5;28;01mas[39;00m [38;5;21;01mpd[39;00m
[0;32m----> 3[0m [38;5;28;01mimport[39;00m [38;5;21;01mmatplotlib[39;00m[38;5;21;01m.[39;00m[38;5;21;01m_contour[39;00m [38;5;28;01mas[39;00m [38;5;21;01m_contour[39;00m
[1;32m      4[0m [38;5;28;01mfrom[39;00m [38;5;21;01mmizani[39;00m[38;5;21;01m.[39;00m[38;5;21;01mbreaks[39;00m [38;5;28;01mimport[39;00m extended_breaks
[1;32m      6[0m [38;5;28;01mfrom[39;00m [38;5;21;01m.[39;00m[38;5;21;01m.[39;00m[38;5;21;01mdoctools[39;00m [38;5;28;01mimport[39;00m document

[0;31mModuleNotFoundError[0m: No module named 'matplotlib._contour'
ModuleNotFoundError: No module named 'matplotlib._contour'

